[2020-07-22 20:43:36.908]
Profiler is Running in main Line: 18 Memory: 0 KB(0 MB)
[2020-07-22 20:43:42.139]
1Function: main 
Spand Time: 5226.147000ms(5.226147s) 
Memory: 0 KB(0 MB) 
In File: D:\github\my_log\src\main.cc  LINE: 18
End of Function: main}
[2020-07-22 20:43:42.139]
Profiler is Running in main Line: 18 Memory: 0 KB(0 MB)
[2020-07-22 20:43:46.567]
1Function: main 
Spand Time: 4428.601800ms(4.428602s) 
Memory: 0 KB(0 MB) 
In File: D:\github\my_log\src\main.cc  LINE: 18
End of Function: main}
[2020-07-22 20:43:46.568]
Profiler is Running in main Line: 18 Memory: 0 KB(0 MB)
[2020-07-22 20:43:50.476]
1Function: main 
Spand Time: 3907.980900ms(3.907981s) 
Memory: 0 KB(0 MB) 
In File: D:\github\my_log\src\main.cc  LINE: 18
End of Function: main}
[2020-07-22 20:43:50.476]
Profiler is Running in main Line: 18 Memory: 0 KB(0 MB)
[2020-07-22 20:43:54.960]
1Function: main 
Spand Time: 4484.238400ms(4.484238s) 
Memory: 0 KB(0 MB) 
In File: D:\github\my_log\src\main.cc  LINE: 18
End of Function: main}
[2020-07-22 20:43:54.960]
Profiler is Running in main Line: 18 Memory: 0 KB(0 MB)
[2020-07-22 20:43:58.886]
1Function: main 
Spand Time: 3926.495100ms(3.926495s) 
Memory: 0 KB(0 MB) 
In File: D:\github\my_log\src\main.cc  LINE: 18
End of Function: main}
[2020-07-22 20:43:58.886]
Profiler is Running in main Line: 18 Memory: 0 KB(0 MB)
[2020-07-22 20:44:02.877]
1Function: main 
Spand Time: 3990.939000ms(3.990939s) 
Memory: 0 KB(0 MB) 
In File: D:\github\my_log\src\main.cc  LINE: 18
End of Function: main}
[2020-07-22 20:44:02.877]
Profiler is Running in main Line: 18 Memory: 0 KB(0 MB)
[2020-07-22 20:44:06.872]
1Function: main 
Spand Time: 3994.483800ms(3.994484s) 
Memory: 0 KB(0 MB) 
In File: D:\github\my_log\src\main.cc  LINE: 18
End of Function: main}
[2020-07-22 20:44:06.872]
Profiler is Running in main Line: 18 Memory: 0 KB(0 MB)
[2020-07-22 20:44:10.832]
1Function: main 
Spand Time: 3960.211400ms(3.960211s) 
Memory: 0 KB(0 MB) 
In File: D:\github\my_log\src\main.cc  LINE: 18
End of Function: main}
[2020-07-22 20:44:10.832]
Profiler is Running in main Line: 18 Memory: 0 KB(0 MB)
[2020-07-22 20:44:14.707]
1Function: main 
Spand Time: 3874.429200ms(3.874429s) 
Memory: 0 KB(0 MB) 
In File: D:\github\my_log\src\main.cc  LINE: 18
End of Function: main}
[2020-07-22 20:44:14.707]
Profiler is Running in main Line: 18 Memory: 0 KB(0 MB)
[2020-07-22 20:44:18.535]
1Function: main 
Spand Time: 3828.411100ms(3.828411s) 
Memory: 0 KB(0 MB) 
In File: D:\github\my_log\src\main.cc  LINE: 18
End of Function: main}
[2020-07-22 20:46:13.423]
Profiler is Running in main Line: 18 Memory: 0 KB(0 MB)
[2020-07-22 20:46:18.618]
1Function: main 
Spand Time: 5194.075800ms(5.194076s) 
Memory: 0 KB(0 MB) 
In File: D:\github\my_log\src\main.cc  LINE: 18
End of Function: main}
[2020-07-22 20:46:18.618]
Profiler is Running in main Line: 18 Memory: 0 KB(0 MB)
[2020-07-22 20:46:22.774]
1Function: main 
Spand Time: 4156.430400ms(4.156430s) 
Memory: 0 KB(0 MB) 
In File: D:\github\my_log\src\main.cc  LINE: 18
End of Function: main}
[2020-07-22 20:46:22.774]
Profiler is Running in main Line: 18 Memory: 0 KB(0 MB)
[2020-07-22 20:46:25.960]
1Function: main 
Spand Time: 3185.330500ms(3.185331s) 
Memory: 0 KB(0 MB) 
In File: D:\github\my_log\src\main.cc  LINE: 18
End of Function: main}
[2020-07-22 20:46:25.960]
Profiler is Running in main Line: 18 Memory: 0 KB(0 MB)
[2020-07-22 20:46:29.154]
1Function: main 
Spand Time: 3194.473500ms(3.194473s) 
Memory: 0 KB(0 MB) 
In File: D:\github\my_log\src\main.cc  LINE: 18
End of Function: main}
[2020-07-22 20:46:29.154]
Profiler is Running in main Line: 18 Memory: 0 KB(0 MB)
[2020-07-22 20:46:32.337]
1Function: main 
Spand Time: 3182.573800ms(3.182574s) 
Memory: 0 KB(0 MB) 
In File: D:\github\my_log\src\main.cc  LINE: 18
End of Function: main}
[2020-07-22 20:46:32.337]
Profiler is Running in main Line: 18 Memory: 0 KB(0 MB)
[2020-07-22 20:46:35.530]
1Function: main 
Spand Time: 3193.327400ms(3.193327s) 
Memory: 0 KB(0 MB) 
In File: D:\github\my_log\src\main.cc  LINE: 18
End of Function: main}
[2020-07-22 20:46:35.530]
Profiler is Running in main Line: 18 Memory: 0 KB(0 MB)
[2020-07-22 20:46:38.722]
1Function: main 
Spand Time: 3191.524800ms(3.191525s) 
Memory: 0 KB(0 MB) 
In File: D:\github\my_log\src\main.cc  LINE: 18
End of Function: main}
[2020-07-22 20:46:38.722]
Profiler is Running in main Line: 18 Memory: 0 KB(0 MB)
[2020-07-22 20:46:41.913]
1Function: main 
Spand Time: 3191.521800ms(3.191522s) 
Memory: 0 KB(0 MB) 
In File: D:\github\my_log\src\main.cc  LINE: 18
End of Function: main}
[2020-07-22 20:46:41.913]
Profiler is Running in main Line: 18 Memory: 0 KB(0 MB)
[2020-07-22 20:46:45.106]
1Function: main 
Spand Time: 3192.475900ms(3.192476s) 
Memory: 0 KB(0 MB) 
In File: D:\github\my_log\src\main.cc  LINE: 18
End of Function: main}
[2020-07-22 20:46:45.106]
Profiler is Running in main Line: 18 Memory: 0 KB(0 MB)
[2020-07-22 20:46:48.306]
1Function: main 
Spand Time: 3199.704800ms(3.199705s) 
Memory: 0 KB(0 MB) 
In File: D:\github\my_log\src\main.cc  LINE: 18
End of Function: main}
